2023-10-10 12:05:27 [restartedMain][, , ] INFO  za.co.loans.Application - Starting Application on HG-LT-30323 with PID 540 (C:\Users\nhlahla.mathye\Downloads\Nhlahla_DOCS\1694683313518\qa\build\classes\java\main started by Nhlahla.Mathye in C:\Users\nhlahla.mathye\Downloads\Nhlahla_DOCS\1694683313518)
2023-10-10 12:05:27 [restartedMain][, , ] INFO  za.co.loans.Application - No active profile set, falling back to default profiles: default
2023-10-10 12:05:27 [restartedMain][, , ] INFO  o.s.b.w.s.c.AnnotationConfigServletWebServerApplicationContext - Refreshing org.springframework.boot.web.servlet.context.AnnotationConfigServletWebServerApplicationContext@4281f275: startup date [Tue Oct 10 12:05:27 CAT 2023]; root of context hierarchy
2023-10-10 12:05:29 [restartedMain][, , ] INFO  o.s.b.w.e.tomcat.TomcatWebServer - Tomcat initialized with port(s): 8080 (http)
2023-10-10 12:05:29 [restartedMain][, , ] INFO  o.a.catalina.core.StandardService - Starting service [Tomcat]
2023-10-10 12:05:29 [restartedMain][, , ] INFO  o.a.catalina.core.StandardEngine - Starting Servlet Engine: Apache Tomcat/8.5.29
2023-10-10 12:05:29 [localhost-startStop-1][, , ] INFO  o.a.c.core.AprLifecycleListener - The APR based Apache Tomcat Native library which allows optimal performance in production environments was not found on the java.library.path: [C:\Users\nhlahla.mathye\.jdks\azul-1.8.0_322\bin;C:\Windows\Sun\Java\bin;C:\Windows\system32;C:\Windows;C:\Users\nhlahla.mathye\.jdks\azul-1.8.0_322\bin;C:\Windows\System32\OpenSSH\;C:\Program Files\PuTTY\;C:\xampp\php;C:\ProgramData\ComposerSetup\bin;C:\Users\nhlahla.mathye\AppData\Roaming\nvm;C:\Program Files\nodejs;C:\Program Files\Docker\Docker\resources\bin;C:\Users\nhlahla.mathye\AppData\Local\Microsoft\WindowsApps;C:\Users\nhlahla.mathye\AppData\Local\JetBrains\IntelliJ IDEA 2021.3.2\bin;;C:\Users\nhlahla.mathye\AppData\Local\Programs\Git\cmd;C:\Windows\System32;C:\Users\nhlahla.mathye\AppData\Roaming\Composer\vendor\bin;C:\Users\nhlahla.mathye\AppData\Local\Programs\Microsoft VS Code\bin;C:\Users\nhlahla.mathye\AppData\Roaming\nvm;C:\Program Files\nodejs;C:\Users\nhlahla.mathye\phpbrew-phpbrew\bin;;.]
2023-10-10 12:05:29 [localhost-startStop-1][, , ] INFO  o.a.c.c.C.[Tomcat].[localhost].[/] - Initializing Spring embedded WebApplicationContext
2023-10-10 12:05:30 [localhost-startStop-1][, , ] INFO  o.s.b.w.s.ServletRegistrationBean - Servlet dispatcherServlet mapped to [/]
2023-10-10 12:05:30 [localhost-startStop-1][, , ] INFO  o.s.b.w.s.FilterRegistrationBean - Mapping filter: 'characterEncodingFilter' to: [/*]
2023-10-10 12:05:30 [localhost-startStop-1][, , ] INFO  o.s.b.w.s.FilterRegistrationBean - Mapping filter: 'hiddenHttpMethodFilter' to: [/*]
2023-10-10 12:05:30 [localhost-startStop-1][, , ] INFO  o.s.b.w.s.FilterRegistrationBean - Mapping filter: 'httpPutFormContentFilter' to: [/*]
2023-10-10 12:05:30 [localhost-startStop-1][, , ] INFO  o.s.b.w.s.FilterRegistrationBean - Mapping filter: 'requestContextFilter' to: [/*]
2023-10-10 12:05:30 [localhost-startStop-1][, , ] INFO  o.s.b.w.s.FilterRegistrationBean - Mapping filter: 'httpTraceFilter' to: [/*]
2023-10-10 12:05:30 [localhost-startStop-1][, , ] INFO  o.s.b.w.s.FilterRegistrationBean - Mapping filter: 'webMvcMetricsFilter' to: [/*]
2023-10-10 12:05:31 [restartedMain][, , ] INFO  o.s.b.a.e.web.EndpointLinksResolver - Exposing 2 endpoint(s) beneath base path '/actuator'
2023-10-10 12:05:31 [restartedMain][, , ] INFO  o.s.b.a.e.w.s.WebMvcEndpointHandlerMapping - Mapped "{[/actuator/health],methods=[GET],produces=[application/vnd.spring-boot.actuator.v2+json || application/json]}" onto public java.lang.Object org.springframework.boot.actuate.endpoint.web.servlet.AbstractWebMvcEndpointHandlerMapping$OperationHandler.handle(javax.servlet.http.HttpServletRequest,java.util.Map<java.lang.String, java.lang.String>)
2023-10-10 12:05:31 [restartedMain][, , ] INFO  o.s.b.a.e.w.s.WebMvcEndpointHandlerMapping - Mapped "{[/actuator/info],methods=[GET],produces=[application/vnd.spring-boot.actuator.v2+json || application/json]}" onto public java.lang.Object org.springframework.boot.actuate.endpoint.web.servlet.AbstractWebMvcEndpointHandlerMapping$OperationHandler.handle(javax.servlet.http.HttpServletRequest,java.util.Map<java.lang.String, java.lang.String>)
2023-10-10 12:05:31 [restartedMain][, , ] INFO  o.s.b.a.e.w.s.WebMvcEndpointHandlerMapping - Mapped "{[/actuator],methods=[GET],produces=[application/vnd.spring-boot.actuator.v2+json || application/json]}" onto protected java.util.Map<java.lang.String, java.util.Map<java.lang.String, org.springframework.boot.actuate.endpoint.web.Link>> org.springframework.boot.actuate.endpoint.web.servlet.WebMvcEndpointHandlerMapping.links(javax.servlet.http.HttpServletRequest,javax.servlet.http.HttpServletResponse)
2023-10-10 12:05:31 [restartedMain][, , ] INFO  s.d.s.w.PropertySourcedRequestMappingHandlerMapping - Mapped URL path [/v2/api-docs] onto method [public org.springframework.http.ResponseEntity<springfox.documentation.spring.web.json.Json> springfox.documentation.swagger2.web.Swagger2Controller.getDocumentation(java.lang.String,javax.servlet.http.HttpServletRequest)]
2023-10-10 12:05:31 [restartedMain][, , ] INFO  o.s.b.d.a.OptionalLiveReloadServer - LiveReload server is running on port 35729
2023-10-10 12:05:31 [restartedMain][, , ] INFO  o.s.j.e.a.AnnotationMBeanExporter - Registering beans for JMX exposure on startup
2023-10-10 12:05:31 [restartedMain][, , ] INFO  o.s.c.s.DefaultLifecycleProcessor - Starting beans in phase 2147483647
2023-10-10 12:05:31 [restartedMain][, , ] INFO  s.d.s.w.p.DocumentationPluginsBootstrapper - Context refreshed
2023-10-10 12:05:31 [restartedMain][, , ] INFO  s.d.s.w.p.DocumentationPluginsBootstrapper - Found 1 custom documentation plugin(s)
2023-10-10 12:05:31 [restartedMain][, , ] INFO  s.d.s.w.s.ApiListingReferenceScanner - Scanning for api listing references
2023-10-10 12:05:32 [restartedMain][, , ] INFO  o.s.b.w.e.tomcat.TomcatWebServer - Tomcat started on port(s): 8080 (http) with context path ''
2023-10-10 12:05:32 [restartedMain][, , ] INFO  za.co.loans.Application - Started Application in 5.071 seconds (JVM running for 7.194)
2023-10-10 12:05:33 [RMI TCP Connection(5)-192.168.0.3][, , ] INFO  o.a.c.c.C.[Tomcat].[localhost].[/] - Initializing Spring FrameworkServlet 'dispatcherServlet'
